<?xml version="1.0" encoding="utf-8"?><testsuites name="pytest tests"><testsuite name="pytest" errors="0" failures="0" skipped="0" tests="24" time="3.605" timestamp="2026-06-18T03:20:00.976397+00:00" hostname="agent-env-1f0f3cea-abed-4087-b6c2-408fa162ed80"><testcase classname="backend.tests.test_categories" name="test_list_categories_returns_defaults" time="0.511" /><testcase classname="backend.tests.test_categories" name="test_create_custom_category_pets" time="0.118" /><testcase classname="backend.tests.test_categories" name="test_create_duplicate_default_category_rejected" time="0.055" /><testcase classname="backend.tests.test_categories" name="test_create_duplicate_custom_category_rejected" time="0.050" /><testcase classname="backend.tests.test_categories" name="test_create_empty_name_rejected" time="0.050" /><testcase classname="backend.tests.test_categories" name="test_delete_custom_category_pets" time="0.100" /><testcase classname="backend.tests.test_categories" name="test_delete_builtin_category_rejected" time="0.057" /><testcase classname="backend.tests.test_categories" name="test_delete_nonexistent_category_404" time="0.054" /><testcase classname="backend.tests.test_categories" name="test_list_category_rules_builtin" time="0.053" /><testcase classname="backend.tests.test_categories" name="test_create_user_rule_and_persists" time="0.110" /><testcase classname="backend.tests.test_categories" name="test_create_rule_empty_pattern_rejected" time="0.052" /><testcase classname="backend.tests.test_categories" name="test_delete_user_rule" time="0.106" /><testcase classname="backend.tests.test_categories" name="test_delete_invalid_rule_404" time="0.058" /><testcase classname="backend.tests.test_categories" name="test_recategorize_transactions" time="0.111" /><testcase classname="backend.tests.test_categories" name="test_autocategorize_on_new_signup" time="1.326" /><testcase classname="backend.tests.test_categories" name="test_regression_calendar_status" time="0.055" /><testcase classname="backend.tests.test_categories" name="test_regression_bills_list" time="0.079" /><testcase classname="backend.tests.test_categories" name="test_regression_bank_accounts" time="0.055" /><testcase classname="backend.tests.test_categories" name="test_regression_bank_transactions" time="0.049" /><testcase classname="backend.tests.test_categories" name="test_regression_bills_auto_detect" time="0.053" /><testcase classname="backend.tests.test_categories" name="test_regression_oauth_start_paths" time="0.116" /><testcase classname="backend.tests.test_categories" name="test_regression_calendar_sync_all" time="0.057" /><testcase classname="backend.tests.test_categories" name="test_regression_calendar_list_microsoft" time="0.051" /><testcase classname="backend.tests.test_categories" name="test_regression_calendar_disconnect_idempotent" time="0.172" /></testsuite></testsuites>