<?xml version="1.0" encoding="utf-8"?><testsuites name="pytest tests"><testsuite name="pytest" errors="0" failures="0" skipped="0" tests="11" time="1.303" timestamp="2026-06-18T01:19:39.584690+00:00" hostname="agent-env-1f0f3cea-abed-4087-b6c2-408fa162ed80"><testcase classname="backend.tests.test_calendar_picker.TestCalendarStatusWithDefaults" name="test_status_includes_default_calendar_fields" time="0.718" /><testcase classname="backend.tests.test_calendar_picker.TestCalendarList" name="test_list_microsoft_not_connected" time="0.046" /><testcase classname="backend.tests.test_calendar_picker.TestCalendarList" name="test_list_google_not_connected" time="0.047" /><testcase classname="backend.tests.test_calendar_picker.TestCalendarList" name="test_list_invalid_provider" time="0.050" /><testcase classname="backend.tests.test_calendar_picker.TestCalendarList" name="test_list_requires_auth" time="0.044" /><testcase classname="backend.tests.test_calendar_picker.TestCalendarSetDefault" name="test_set_default_microsoft_not_connected" time="0.049" /><testcase classname="backend.tests.test_calendar_picker.TestCalendarSetDefault" name="test_set_default_google_not_connected" time="0.046" /><testcase classname="backend.tests.test_calendar_picker.TestCalendarSetDefault" name="test_set_default_invalid_provider" time="0.046" /><testcase classname="backend.tests.test_calendar_picker.TestCalendarSetDefault" name="test_set_default_missing_calendar_id" time="0.047" /><testcase classname="backend.tests.test_calendar_picker.TestCalendarSetDefault" name="test_set_default_with_calendar_name_optional" time="0.044" /><testcase classname="backend.tests.test_calendar_picker.TestCalendarSetDefault" name="test_set_default_requires_auth" time="0.044" /></testsuite></testsuites>