<?xml version="1.0" encoding="utf-8"?><testsuites name="pytest tests"><testsuite name="pytest" errors="0" failures="0" skipped="0" tests="42" time="5.388" timestamp="2026-06-18T01:19:45.340672+00:00" hostname="agent-env-1f0f3cea-abed-4087-b6c2-408fa162ed80"><testcase classname="backend.tests.test_billcal_api" name="test_health" time="0.156" /><testcase classname="backend.tests.test_billcal_api" name="test_login_demo_user" time="0.268" /><testcase classname="backend.tests.test_billcal_api" name="test_login_wrong_password" time="0.265" /><testcase classname="backend.tests.test_billcal_api" name="test_me_requires_token" time="0.045" /><testcase classname="backend.tests.test_billcal_api" name="test_me_invalid_token" time="0.044" /><testcase classname="backend.tests.test_billcal_api" name="test_me_with_token" time="0.315" /><testcase classname="backend.tests.test_billcal_api" name="test_register_new_user_and_duplicate" time="0.356" /><testcase classname="backend.tests.test_billcal_api" name="test_list_bills_seeded" time="0.070" /><testcase classname="backend.tests.test_billcal_api" name="test_bills_requires_auth" time="0.042" /><testcase classname="backend.tests.test_billcal_api" name="test_bill_crud_flow" time="0.316" /><testcase classname="backend.tests.test_billcal_api" name="test_update_nonexistent_bill" time="0.049" /><testcase classname="backend.tests.test_billcal_api" name="test_bank_accounts" time="0.048" /><testcase classname="backend.tests.test_billcal_api" name="test_bank_transactions" time="0.044" /><testcase classname="backend.tests.test_billcal_api" name="test_bank_sync" time="0.049" /><testcase classname="backend.tests.test_calendar_picker.TestCalendarStatusWithDefaults" name="test_status_includes_default_calendar_fields" time="0.520" /><testcase classname="backend.tests.test_calendar_picker.TestCalendarList" name="test_list_microsoft_not_connected" time="0.047" /><testcase classname="backend.tests.test_calendar_picker.TestCalendarList" name="test_list_google_not_connected" time="0.052" /><testcase classname="backend.tests.test_calendar_picker.TestCalendarList" name="test_list_invalid_provider" time="0.049" /><testcase classname="backend.tests.test_calendar_picker.TestCalendarList" name="test_list_requires_auth" time="0.046" /><testcase classname="backend.tests.test_calendar_picker.TestCalendarSetDefault" name="test_set_default_microsoft_not_connected" time="0.047" /><testcase classname="backend.tests.test_calendar_picker.TestCalendarSetDefault" name="test_set_default_google_not_connected" time="0.083" /><testcase classname="backend.tests.test_calendar_picker.TestCalendarSetDefault" name="test_set_default_invalid_provider" time="0.048" /><testcase classname="backend.tests.test_calendar_picker.TestCalendarSetDefault" name="test_set_default_missing_calendar_id" time="0.047" /><testcase classname="backend.tests.test_calendar_picker.TestCalendarSetDefault" name="test_set_default_with_calendar_name_optional" time="0.046" /><testcase classname="backend.tests.test_calendar_picker.TestCalendarSetDefault" name="test_set_default_requires_auth" time="0.052" /><testcase classname="backend.tests.test_calendar_sync.TestCalendarStatus" name="test_calendar_status" time="0.408" /><testcase classname="backend.tests.test_calendar_sync.TestOAuthStart" name="test_microsoft_start_redirects" time="0.141" /><testcase classname="backend.tests.test_calendar_sync.TestOAuthStart" name="test_google_start_returns_html_not_configured" time="0.105" /><testcase classname="backend.tests.test_calendar_sync.TestOAuthStart" name="test_microsoft_start_missing_token" time="0.141" /><testcase classname="backend.tests.test_calendar_sync.TestOAuthStart" name="test_microsoft_start_invalid_token" time="0.094" /><testcase classname="backend.tests.test_calendar_sync.TestOAuthCallback" name="test_callback_missing_code_state" time="0.121" /><testcase classname="backend.tests.test_calendar_sync.TestOAuthCallback" name="test_callback_invalid_state" time="0.166" /><testcase classname="backend.tests.test_calendar_sync.TestDisconnect" name="test_disconnect_microsoft_idempotent" time="0.046" /><testcase classname="backend.tests.test_calendar_sync.TestDisconnect" name="test_disconnect_invalid_provider" time="0.045" /><testcase classname="backend.tests.test_calendar_sync.TestSyncAll" name="test_sync_all_no_connection" time="0.141" /><testcase classname="backend.tests.test_calendar_sync.TestBillAutoSync" name="test_create_bill_no_providers" time="0.095" /><testcase classname="backend.tests.test_calendar_sync.TestRegression" name="test_login" time="0.266" /><testcase classname="backend.tests.test_calendar_sync.TestRegression" name="test_list_bills" time="0.046" /><testcase classname="backend.tests.test_calendar_sync.TestRegression" name="test_bill_crud_cycle" time="0.228" /><testcase classname="backend.tests.test_calendar_sync.TestRegression" name="test_bank_accounts" time="0.047" /><testcase classname="backend.tests.test_calendar_sync.TestRegression" name="test_bank_transactions" time="0.043" /><testcase classname="backend.tests.test_calendar_sync.TestRegression" name="test_auto_detect" time="0.045" /></testsuite></testsuites>