<?xml version="1.0" encoding="utf-8"?><testsuites name="pytest tests"><testsuite name="pytest" errors="0" failures="0" skipped="0" tests="17" time="2.551" timestamp="2026-06-18T00:48:09.918701+00:00" hostname="agent-env-1f0f3cea-abed-4087-b6c2-408fa162ed80"><testcase classname="backend.tests.test_calendar_sync.TestCalendarStatus" name="test_calendar_status" time="0.554" /><testcase classname="backend.tests.test_calendar_sync.TestOAuthStart" name="test_microsoft_start_redirects" time="0.139" /><testcase classname="backend.tests.test_calendar_sync.TestOAuthStart" name="test_google_start_returns_html_not_configured" time="0.131" /><testcase classname="backend.tests.test_calendar_sync.TestOAuthStart" name="test_microsoft_start_missing_token" time="0.139" /><testcase classname="backend.tests.test_calendar_sync.TestOAuthStart" name="test_microsoft_start_invalid_token" time="0.094" /><testcase classname="backend.tests.test_calendar_sync.TestOAuthCallback" name="test_callback_missing_code_state" time="0.127" /><testcase classname="backend.tests.test_calendar_sync.TestOAuthCallback" name="test_callback_invalid_state" time="0.102" /><testcase classname="backend.tests.test_calendar_sync.TestDisconnect" name="test_disconnect_microsoft_idempotent" time="0.044" /><testcase classname="backend.tests.test_calendar_sync.TestDisconnect" name="test_disconnect_invalid_provider" time="0.044" /><testcase classname="backend.tests.test_calendar_sync.TestSyncAll" name="test_sync_all_no_connection" time="0.136" /><testcase classname="backend.tests.test_calendar_sync.TestBillAutoSync" name="test_create_bill_no_providers" time="0.092" /><testcase classname="backend.tests.test_calendar_sync.TestRegression" name="test_login" time="0.265" /><testcase classname="backend.tests.test_calendar_sync.TestRegression" name="test_list_bills" time="0.045" /><testcase classname="backend.tests.test_calendar_sync.TestRegression" name="test_bill_crud_cycle" time="0.261" /><testcase classname="backend.tests.test_calendar_sync.TestRegression" name="test_bank_accounts" time="0.046" /><testcase classname="backend.tests.test_calendar_sync.TestRegression" name="test_bank_transactions" time="0.043" /><testcase classname="backend.tests.test_calendar_sync.TestRegression" name="test_auto_detect" time="0.045" /></testsuite></testsuites>